  Mod8.cpp
C:\Users\gsk3r\Desktop\school\cs330\new\Project\Ongoing project\Ongoing project\external\linmath.h(64,1): warning C4244: 'initializing': conversion from 'double' to 'float', possible loss of data
C:\Users\gsk3r\Desktop\school\cs330\new\Project\Ongoing project\Ongoing project\external\linmath.h(65,1): warning C4244: 'initializing': conversion from 'double' to 'float', possible loss of data
C:\Users\gsk3r\Desktop\school\cs330\new\Project\Ongoing project\Ongoing project\external\linmath.h(66,1): warning C4244: 'initializing': conversion from 'double' to 'float', possible loss of data
C:\Users\gsk3r\Desktop\school\cs330\new\Project\Ongoing project\Ongoing project\external\linmath.h(344,17): warning C4244: '=': conversion from 'double' to 'float', possible loss of data
C:\Users\gsk3r\Desktop\school\cs330\new\Project\Ongoing project\Ongoing project\external\linmath.h(597,18): warning C4244: 'argument': conversion from 'double' to 'float', possible loss of data
C:\Users\gsk3r\Desktop\school\cs330\new\Project\Ongoing project\Ongoing project\external\linmath.h(604,18): warning C4244: 'argument': conversion from 'double' to 'float', possible loss of data
C:\Program Files (x86)\Windows Kits\10\Include\10.0.22000.0\shared\minwindef.h(130,1): warning C4005: 'APIENTRY': macro redefinition
C:\Users\gsk3r\Desktop\school\cs330\new\Project\Ongoing project\Ongoing project\external\vslibs\glfw-3.3.9 64\include\GLFW\glfw3.h(123,1): message : see previous definition of 'APIENTRY'
C:\Users\gsk3r\Desktop\school\cs330\new\Project\Ongoing project\Ongoing project\Mod8.cpp(19,31): warning C4305: 'initializing': truncation from 'double' to 'float'
C:\Users\gsk3r\Desktop\school\cs330\new\Project\Ongoing project\Ongoing project\Mod8.cpp(69,16): warning C4305: 'initializing': truncation from 'double' to 'float'
C:\Users\gsk3r\Desktop\school\cs330\new\Project\Ongoing project\Ongoing project\Mod8.cpp(74,7): warning C4244: '=': conversion from 'double' to 'float', possible loss of data
C:\Users\gsk3r\Desktop\school\cs330\new\Project\Ongoing project\Ongoing project\Mod8.cpp(75,7): warning C4244: '=': conversion from 'double' to 'float', possible loss of data
C:\Users\gsk3r\Desktop\school\cs330\new\Project\Ongoing project\Ongoing project\Mod8.cpp(76,12): warning C4244: '=': conversion from 'double' to 'float', possible loss of data
C:\Users\gsk3r\Desktop\school\cs330\new\Project\Ongoing project\Ongoing project\Mod8.cpp(91,11): warning C4244: '=': conversion from 'double' to 'float', possible loss of data
C:\Users\gsk3r\Desktop\school\cs330\new\Project\Ongoing project\Ongoing project\Mod8.cpp(92,11): warning C4244: '=': conversion from 'double' to 'float', possible loss of data
C:\Users\gsk3r\Desktop\school\cs330\new\Project\Ongoing project\Ongoing project\Mod8.cpp(182,12): warning C4244: 'argument': conversion from 'time_t' to 'unsigned int', possible loss of data
C:\Users\gsk3r\Desktop\school\cs330\new\Project\Ongoing project\Ongoing project\Mod8.cpp(197,38): warning C4305: 'argument': truncation from 'double' to 'float'
C:\Users\gsk3r\Desktop\school\cs330\new\Project\Ongoing project\Ongoing project\Mod8.cpp(197,32): warning C4305: 'argument': truncation from 'double' to 'float'
C:\Users\gsk3r\Desktop\school\cs330\new\Project\Ongoing project\Ongoing project\Mod8.cpp(198,41): warning C4305: 'argument': truncation from 'double' to 'float'
C:\Users\gsk3r\Desktop\school\cs330\new\Project\Ongoing project\Ongoing project\Mod8.cpp(198,35): warning C4305: 'argument': truncation from 'double' to 'float'
C:\Users\gsk3r\Desktop\school\cs330\new\Project\Ongoing project\Ongoing project\Mod8.cpp(199,42): warning C4305: 'argument': truncation from 'double' to 'float'
C:\Users\gsk3r\Desktop\school\cs330\new\Project\Ongoing project\Ongoing project\Mod8.cpp(199,36): warning C4305: 'argument': truncation from 'double' to 'float'
C:\Users\gsk3r\Desktop\school\cs330\new\Project\Ongoing project\Ongoing project\Mod8.cpp(200,33): warning C4305: 'argument': truncation from 'double' to 'float'
C:\Users\gsk3r\Desktop\school\cs330\new\Project\Ongoing project\Ongoing project\Mod8.cpp(235,2): warning C4551: function call missing argument list
C:\Users\gsk3r\Desktop\school\cs330\new\Project\Ongoing project\Ongoing project\Mod8.cpp(251,37): warning C4244: 'argument': conversion from 'double' to 'float', possible loss of data
C:\Users\gsk3r\Desktop\school\cs330\new\Project\Ongoing project\Ongoing project\Mod8.cpp(251,34): warning C4244: 'argument': conversion from 'double' to 'float', possible loss of data
C:\Users\gsk3r\Desktop\school\cs330\new\Project\Ongoing project\Ongoing project\Mod8.cpp(251,31): warning C4244: 'argument': conversion from 'double' to 'float', possible loss of data
C:\Users\gsk3r\Desktop\school\cs330\new\Project\Ongoing project\Ongoing project\Mod8.cpp(251,25): warning C4305: 'argument': truncation from 'double' to 'float'
C:\Users\gsk3r\Desktop\school\cs330\new\Project\Ongoing project\Ongoing project\Mod8.cpp(255,57): error C2065: 'paddle': undeclared identifier
C:\Users\gsk3r\Desktop\school\cs330\new\Project\Ongoing project\Ongoing project\Mod8.cpp(256,3): error C2065: 'paddle': undeclared identifier
C:\Users\gsk3r\Desktop\school\cs330\new\Project\Ongoing project\Ongoing project\Mod8.cpp(258,58): error C2065: 'paddle': undeclared identifier
C:\Users\gsk3r\Desktop\school\cs330\new\Project\Ongoing project\Ongoing project\Mod8.cpp(259,3): error C2065: 'paddle': undeclared identifier
